
2월 13, 2022 15:37:11.770 NEW SESSION
2월 13, 2022 15:37:11.771 [10096:15904:0213/153711.769:ERROR:chrome_browser_main_extra_parts_metrics.cc(227)] START: ReportBluetoothAvailability(). If you don't see the END: message, this is crbug.com/1216328.
2월 13, 2022 15:37:11.771 [10096:15904:0213/153711.769:ERROR:chrome_browser_main_extra_parts_metrics.cc(230)] END: ReportBluetoothAvailability()
2월 13, 2022 15:37:11.771 [10096:15904:0213/153711.769:ERROR:chrome_browser_main_extra_parts_metrics.cc(235)] START: GetDefaultBrowser(). If you don't see the END: message, this is crbug.com/1216328.
2월 13, 2022 15:37:11.771 [10096:15904:0213/153711.770:ERROR:chrome_browser_main_extra_parts_metrics.cc(239)] END: GetDefaultBrowser()
2월 13, 2022 15:37:11.778 [10096:12896:0213/153711.773:ERROR:device_event_log_impl.cc(214)] [15:37:11.773] USB: usb_service_win.cc:391 Could not read device interface GUIDs: 지정된 파일을 찾을 수 없습니다. (0x2)
2월 13, 2022 15:37:11.778 [10096:12896:0213/153711.775:ERROR:device_event_log_impl.cc(214)] [15:37:11.774] USB: usb_device_handle_win.cc:1049 Failed to read descriptor from node connection: 시스템에 부착된 장치가 작동하지 않습니다. (0x1F)
2월 13, 2022 15:37:11.780 [10096:12896:0213/153711.780:ERROR:device_event_log_impl.cc(214)] [15:37:11.780] USB: usb_device_handle_win.cc:1049 Failed to read descriptor from node connection: 시스템에 부착된 장치가 작동하지 않습니다. (0x1F)
2월 13, 2022 15:37:11.781 [10096:12896:0213/153711.780:ERROR:device_event_log_impl.cc(214)] [15:37:11.780] USB: usb_device_handle_win.cc:1049 Failed to read descriptor from node connection: 시스템에 부착된 장치가 작동하지 않습니다. (0x1F)
2월 13, 2022 15:37:11.781 [10096:12896:0213/153711.780:ERROR:device_event_log_impl.cc(214)] [15:37:11.780] USB: usb_device_handle_win.cc:1049 Failed to read descriptor from node connection: 시스템에 부착된 장치가 작동하지 않습니다. (0x1F)

2월 13, 2022 20:03:44.16 NEW SESSION
2월 13, 2022 20:03:44.16 [10872:16744:0213/200344.013:ERROR:chrome_browser_main_extra_parts_metrics.cc(227)] START: ReportBluetoothAvailability(). If you don't see the END: message, this is crbug.com/1216328.
2월 13, 2022 20:03:44.17 [10872:16744:0213/200344.013:ERROR:chrome_browser_main_extra_parts_metrics.cc(230)] END: ReportBluetoothAvailability()
2월 13, 2022 20:03:44.17 [10872:16744:0213/200344.013:ERROR:chrome_browser_main_extra_parts_metrics.cc(235)] START: GetDefaultBrowser(). If you don't see the END: message, this is crbug.com/1216328.
2월 13, 2022 20:03:44.18 [10872:16744:0213/200344.014:ERROR:chrome_browser_main_extra_parts_metrics.cc(239)] END: GetDefaultBrowser()
2월 13, 2022 20:03:44.18 [10872:13644:0213/200344.018:ERROR:device_event_log_impl.cc(214)] [20:03:44.018] USB: usb_service_win.cc:391 Could not read device interface GUIDs: 지정된 파일을 찾을 수 없습니다. (0x2)
2월 13, 2022 20:03:44.21 [10872:13644:0213/200344.020:ERROR:device_event_log_impl.cc(214)] [20:03:44.021] USB: usb_device_handle_win.cc:1049 Failed to read descriptor from node connection: 시스템에 부착된 장치가 작동하지 않습니다. (0x1F)
2월 13, 2022 20:03:44.26 [10872:13644:0213/200344.026:ERROR:device_event_log_impl.cc(214)] [20:03:44.026] USB: usb_device_handle_win.cc:1049 Failed to read descriptor from node connection: 시스템에 부착된 장치가 작동하지 않습니다. (0x1F)
2월 13, 2022 20:03:44.27 [10872:13644:0213/200344.027:ERROR:device_event_log_impl.cc(214)] [20:03:44.027] USB: usb_device_handle_win.cc:1049 Failed to read descriptor from node connection: 시스템에 부착된 장치가 작동하지 않습니다. (0x1F)
2월 13, 2022 20:14:33.830 [14208:8284:0213/201433.830:ERROR:chrome_browser_main_extra_parts_metrics.cc(227)] START: ReportBluetoothAvailability(). If you don't see the END: message, this is crbug.com/1216328.
2월 13, 2022 20:14:33.831 [14208:8284:0213/201433.830:ERROR:chrome_browser_main_extra_parts_metrics.cc(230)] END: ReportBluetoothAvailability()
2월 13, 2022 20:14:33.831 [14208:8284:0213/201433.830:ERROR:chrome_browser_main_extra_parts_metrics.cc(235)] START: GetDefaultBrowser(). If you don't see the END: message, this is crbug.com/1216328.
2월 13, 2022 20:14:33.831 [14208:8284:0213/201433.830:ERROR:chrome_browser_main_extra_parts_metrics.cc(239)] END: GetDefaultBrowser()
2월 13, 2022 20:14:33.833 [14208:17184:0213/201433.833:ERROR:device_event_log_impl.cc(214)] [20:14:33.833] USB: usb_service_win.cc:391 Could not read device interface GUIDs: 지정된 파일을 찾을 수 없습니다. (0x2)
2월 13, 2022 20:14:33.834 [14208:17184:0213/201433.834:ERROR:device_event_log_impl.cc(214)] [20:14:33.834] USB: usb_device_handle_win.cc:1049 Failed to read descriptor from node connection: 시스템에 부착된 장치가 작동하지 않습니다. (0x1F)
2월 13, 2022 20:14:33.839 [14208:17184:0213/201433.839:ERROR:device_event_log_impl.cc(214)] [20:14:33.839] USB: usb_device_handle_win.cc:1049 Failed to read descriptor from node connection: 시스템에 부착된 장치가 작동하지 않습니다. (0x1F)
2월 13, 2022 20:14:33.839 [14208:17184:0213/201433.839:ERROR:device_event_log_impl.cc(214)] [20:14:33.839] USB: usb_device_handle_win.cc:1049 Failed to read descriptor from node connection: 시스템에 부착된 장치가 작동하지 않습니다. (0x1F)
2월 13, 2022 20:14:33.840 [14208:17184:0213/201433.839:ERROR:device_event_log_impl.cc(214)] [20:14:33.839] USB: usb_device_handle_win.cc:1049 Failed to read descriptor from node connection: 시스템에 부착된 장치가 작동하지 않습니다. (0x1F)
2월 13, 2022 20:47:53.692 [7232:15492:0213/204753.692:ERROR:chrome_browser_main_extra_parts_metrics.cc(227)] START: ReportBluetoothAvailability(). If you don't see the END: message, this is crbug.com/1216328.
2월 13, 2022 20:47:53.692 [7232:15492:0213/204753.692:ERROR:chrome_browser_main_extra_parts_metrics.cc(230)] END: ReportBluetoothAvailability()
2월 13, 2022 20:47:53.693 [7232:15492:0213/204753.692:ERROR:chrome_browser_main_extra_parts_metrics.cc(235)] START: GetDefaultBrowser(). If you don't see the END: message, this is crbug.com/1216328.
2월 13, 2022 20:47:53.693 [7232:15492:0213/204753.692:ERROR:chrome_browser_main_extra_parts_metrics.cc(239)] END: GetDefaultBrowser()
2월 13, 2022 20:47:53.696 [7232:11612:0213/204753.696:ERROR:device_event_log_impl.cc(214)] [20:47:53.696] USB: usb_service_win.cc:391 Could not read device interface GUIDs: 지정된 파일을 찾을 수 없습니다. (0x2)
2월 13, 2022 20:47:53.698 [7232:11612:0213/204753.698:ERROR:device_event_log_impl.cc(214)] [20:47:53.698] USB: usb_device_handle_win.cc:1049 Failed to read descriptor from node connection: 시스템에 부착된 장치가 작동하지 않습니다. (0x1F)
2월 13, 2022 20:47:53.703 [7232:11612:0213/204753.703:ERROR:device_event_log_impl.cc(214)] [20:47:53.703] USB: usb_device_handle_win.cc:1049 Failed to read descriptor from node connection: 시스템에 부착된 장치가 작동하지 않습니다. (0x1F)
2월 13, 2022 20:47:53.703 [7232:11612:0213/204753.703:ERROR:device_event_log_impl.cc(214)] [20:47:53.703] USB: usb_device_handle_win.cc:1049 Failed to read descriptor from node connection: 시스템에 부착된 장치가 작동하지 않습니다. (0x1F)
2월 13, 2022 20:47:53.704 [7232:11612:0213/204753.703:ERROR:device_event_log_impl.cc(214)] [20:47:53.703] USB: usb_device_handle_win.cc:1049 Failed to read descriptor from node connection: 시스템에 부착된 장치가 작동하지 않습니다. (0x1F)

2월 13, 2022 21:18:55.279 NEW SESSION
2월 13, 2022 21:18:55.279 [12432:12876:0213/211855.277:ERROR:chrome_browser_main_extra_parts_metrics.cc(227)] START: ReportBluetoothAvailability(). If you don't see the END: message, this is crbug.com/1216328.
2월 13, 2022 21:18:55.280 [12432:12876:0213/211855.277:ERROR:chrome_browser_main_extra_parts_metrics.cc(230)] END: ReportBluetoothAvailability()
2월 13, 2022 21:18:55.280 [12432:12876:0213/211855.277:ERROR:chrome_browser_main_extra_parts_metrics.cc(235)] START: GetDefaultBrowser(). If you don't see the END: message, this is crbug.com/1216328.
2월 13, 2022 21:18:55.281 [12432:12876:0213/211855.278:ERROR:chrome_browser_main_extra_parts_metrics.cc(239)] END: GetDefaultBrowser()
2월 13, 2022 21:18:55.284 [12432:9008:0213/211855.284:ERROR:device_event_log_impl.cc(214)] [21:18:55.283] USB: usb_service_win.cc:391 Could not read device interface GUIDs: 지정된 파일을 찾을 수 없습니다. (0x2)
2월 13, 2022 21:18:55.288 [12432:9008:0213/211855.288:ERROR:device_event_log_impl.cc(214)] [21:18:55.288] USB: usb_device_handle_win.cc:1049 Failed to read descriptor from node connection: 시스템에 부착된 장치가 작동하지 않습니다. (0x1F)
2월 13, 2022 21:18:55.293 [12432:9008:0213/211855.292:ERROR:device_event_log_impl.cc(214)] [21:18:55.292] USB: usb_device_handle_win.cc:1049 Failed to read descriptor from node connection: 시스템에 부착된 장치가 작동하지 않습니다. (0x1F)
2월 13, 2022 21:18:55.294 [12432:9008:0213/211855.292:ERROR:device_event_log_impl.cc(214)] [21:18:55.292] USB: usb_device_handle_win.cc:1049 Failed to read descriptor from node connection: 시스템에 부착된 장치가 작동하지 않습니다. (0x1F)
2월 13, 2022 21:18:55.294 [12432:9008:0213/211855.292:ERROR:device_event_log_impl.cc(214)] [21:18:55.292] USB: usb_device_handle_win.cc:1049 Failed to read descriptor from node connection: 시스템에 부착된 장치가 작동하지 않습니다. (0x1F)

2월 13, 2022 21:57:23.934 NEW SESSION
2월 13, 2022 21:57:23.934 [19052:10692:0213/215723.933:ERROR:chrome_browser_main_extra_parts_metrics.cc(227)] START: ReportBluetoothAvailability(). If you don't see the END: message, this is crbug.com/1216328.
2월 13, 2022 21:57:23.935 [19052:10692:0213/215723.933:ERROR:chrome_browser_main_extra_parts_metrics.cc(230)] END: ReportBluetoothAvailability()
2월 13, 2022 21:57:23.935 [19052:10692:0213/215723.933:ERROR:chrome_browser_main_extra_parts_metrics.cc(235)] START: GetDefaultBrowser(). If you don't see the END: message, this is crbug.com/1216328.
2월 13, 2022 21:57:23.936 [19052:10692:0213/215723.934:ERROR:chrome_browser_main_extra_parts_metrics.cc(239)] END: GetDefaultBrowser()
2월 13, 2022 21:57:23.937 [19052:18656:0213/215723.936:ERROR:device_event_log_impl.cc(214)] [21:57:23.936] USB: usb_service_win.cc:391 Could not read device interface GUIDs: 지정된 파일을 찾을 수 없습니다. (0x2)
2월 13, 2022 21:57:23.938 [19052:18656:0213/215723.938:ERROR:device_event_log_impl.cc(214)] [21:57:23.938] USB: usb_device_handle_win.cc:1049 Failed to read descriptor from node connection: 시스템에 부착된 장치가 작동하지 않습니다. (0x1F)
2월 13, 2022 21:57:23.943 [19052:18656:0213/215723.942:ERROR:device_event_log_impl.cc(214)] [21:57:23.942] USB: usb_device_handle_win.cc:1049 Failed to read descriptor from node connection: 시스템에 부착된 장치가 작동하지 않습니다. (0x1F)
2월 13, 2022 21:57:23.947 [19052:18656:0213/215723.942:ERROR:device_event_log_impl.cc(214)] [21:57:23.942] USB: usb_device_handle_win.cc:1049 Failed to read descriptor from node connection: 시스템에 부착된 장치가 작동하지 않습니다. (0x1F)
2월 13, 2022 21:57:23.948 [19052:18656:0213/215723.943:ERROR:device_event_log_impl.cc(214)] [21:57:23.942] USB: usb_device_handle_win.cc:1049 Failed to read descriptor from node connection: 시스템에 부착된 장치가 작동하지 않습니다. (0x1F)
2월 13, 2022 22:04:46.693 [6716:4512:0213/220446.692:ERROR:chrome_browser_main_extra_parts_metrics.cc(227)] START: ReportBluetoothAvailability(). If you don't see the END: message, this is crbug.com/1216328.
2월 13, 2022 22:04:46.693 [6716:4512:0213/220446.692:ERROR:chrome_browser_main_extra_parts_metrics.cc(230)] END: ReportBluetoothAvailability()
2월 13, 2022 22:04:46.693 [6716:4512:0213/220446.692:ERROR:chrome_browser_main_extra_parts_metrics.cc(235)] START: GetDefaultBrowser(). If you don't see the END: message, this is crbug.com/1216328.
2월 13, 2022 22:04:46.693 [6716:4512:0213/220446.693:ERROR:chrome_browser_main_extra_parts_metrics.cc(239)] END: GetDefaultBrowser()
2월 13, 2022 22:04:46.697 [6716:11060:0213/220446.697:ERROR:device_event_log_impl.cc(214)] [22:04:46.697] USB: usb_service_win.cc:391 Could not read device interface GUIDs: 지정된 파일을 찾을 수 없습니다. (0x2)
2월 13, 2022 22:04:46.699 [6716:11060:0213/220446.698:ERROR:device_event_log_impl.cc(214)] [22:04:46.698] USB: usb_device_handle_win.cc:1049 Failed to read descriptor from node connection: 시스템에 부착된 장치가 작동하지 않습니다. (0x1F)
2월 13, 2022 22:04:46.706 [6716:11060:0213/220446.706:ERROR:device_event_log_impl.cc(214)] [22:04:46.706] USB: usb_device_handle_win.cc:1049 Failed to read descriptor from node connection: 시스템에 부착된 장치가 작동하지 않습니다. (0x1F)
2월 13, 2022 22:04:46.706 [6716:11060:0213/220446.706:ERROR:device_event_log_impl.cc(214)] [22:04:46.706] USB: usb_device_handle_win.cc:1049 Failed to read descriptor from node connection: 시스템에 부착된 장치가 작동하지 않습니다. (0x1F)
2월 13, 2022 22:04:46.706 [6716:11060:0213/220446.706:ERROR:device_event_log_impl.cc(214)] [22:04:46.706] USB: usb_device_handle_win.cc:1049 Failed to read descriptor from node connection: 시스템에 부착된 장치가 작동하지 않습니다. (0x1F)
2월 13, 2022 22:11:14.673 [3768:11612:0213/221114.673:ERROR:chrome_browser_main_extra_parts_metrics.cc(227)] START: ReportBluetoothAvailability(). If you don't see the END: message, this is crbug.com/1216328.
2월 13, 2022 22:11:14.674 [3768:11612:0213/221114.673:ERROR:chrome_browser_main_extra_parts_metrics.cc(230)] END: ReportBluetoothAvailability()
2월 13, 2022 22:11:14.675 [3768:11612:0213/221114.673:ERROR:chrome_browser_main_extra_parts_metrics.cc(235)] START: GetDefaultBrowser(). If you don't see the END: message, this is crbug.com/1216328.
2월 13, 2022 22:11:14.676 [3768:11612:0213/221114.674:ERROR:chrome_browser_main_extra_parts_metrics.cc(239)] END: GetDefaultBrowser()
2월 13, 2022 22:11:14.676 [3768:9576:0213/221114.676:ERROR:device_event_log_impl.cc(214)] [22:11:14.676] USB: usb_service_win.cc:391 Could not read device interface GUIDs: 지정된 파일을 찾을 수 없습니다. (0x2)
2월 13, 2022 22:11:14.678 [3768:9576:0213/221114.677:ERROR:device_event_log_impl.cc(214)] [22:11:14.677] USB: usb_device_handle_win.cc:1049 Failed to read descriptor from node connection: 시스템에 부착된 장치가 작동하지 않습니다. (0x1F)
2월 13, 2022 22:11:14.683 [3768:9576:0213/221114.682:ERROR:device_event_log_impl.cc(214)] [22:11:14.682] USB: usb_device_handle_win.cc:1049 Failed to read descriptor from node connection: 시스템에 부착된 장치가 작동하지 않습니다. (0x1F)
2월 13, 2022 22:11:14.683 [3768:9576:0213/221114.683:ERROR:device_event_log_impl.cc(214)] [22:11:14.682] USB: usb_device_handle_win.cc:1049 Failed to read descriptor from node connection: 시스템에 부착된 장치가 작동하지 않습니다. (0x1F)
2월 13, 2022 22:11:14.684 [3768:9576:0213/221114.683:ERROR:device_event_log_impl.cc(214)] [22:11:14.683] USB: usb_device_handle_win.cc:1049 Failed to read descriptor from node connection: 시스템에 부착된 장치가 작동하지 않습니다. (0x1F)
2월 13, 2022 22:49:53.727 [3768:9576:0213/224953.726:ERROR:device_event_log_impl.cc(214)] [22:49:53.659] USB: usb_service_win.cc:260 Failed to get device driver name: 요소가 없습니다. (0x490)
2월 13, 2022 22:49:56.742 [3768:9576:0213/224956.742:ERROR:device_event_log_impl.cc(214)] [22:49:56.741] USB: usb_service_win.cc:260 Failed to get device driver name: 요소가 없습니다. (0x490)
2월 13, 2022 22:49:56.749 [3768:9576:0213/224956.749:ERROR:device_event_log_impl.cc(214)] [22:49:56.748] USB: usb_service_win.cc:283 SetupDiEnumDeviceInterfaces: 사용 가능한 데이터가 없습니다. (0x103)

2월 14, 2022 10:50:24.459 NEW SESSION
2월 14, 2022 10:50:24.459 [7828:8892:0214/105024.458:ERROR:chrome_browser_main_extra_parts_metrics.cc(227)] START: ReportBluetoothAvailability(). If you don't see the END: message, this is crbug.com/1216328.
2월 14, 2022 10:50:24.462 [7828:18332:0214/105024.462:ERROR:device_event_log_impl.cc(214)] [10:50:24.461] USB: usb_service_win.cc:391 Could not read device interface GUIDs: 지정된 파일을 찾을 수 없습니다. (0x2)
2월 14, 2022 10:50:24.463 [7828:18332:0214/105024.463:ERROR:device_event_log_impl.cc(214)] [10:50:24.462] USB: usb_device_handle_win.cc:1049 Failed to read descriptor from node connection: 시스템에 부착된 장치가 작동하지 않습니다. (0x1F)
2월 14, 2022 10:50:24.468 [7828:18332:0214/105024.468:ERROR:device_event_log_impl.cc(214)] [10:50:24.467] USB: usb_device_handle_win.cc:1049 Failed to read descriptor from node connection: 시스템에 부착된 장치가 작동하지 않습니다. (0x1F)
2월 14, 2022 10:50:24.468 [7828:18332:0214/105024.468:ERROR:device_event_log_impl.cc(214)] [10:50:24.467] USB: usb_device_handle_win.cc:1049 Failed to read descriptor from node connection: 시스템에 부착된 장치가 작동하지 않습니다. (0x1F)
2월 14, 2022 10:50:24.468 [7828:18332:0214/105024.468:ERROR:device_event_log_impl.cc(214)] [10:50:24.467] USB: usb_device_handle_win.cc:1049 Failed to read descriptor from node connection: 시스템에 부착된 장치가 작동하지 않습니다. (0x1F)
2월 14, 2022 10:50:24.470 [7828:8892:0214/105024.470:ERROR:chrome_browser_main_extra_parts_metrics.cc(230)] END: ReportBluetoothAvailability()
2월 14, 2022 10:50:24.471 [7828:8892:0214/105024.470:ERROR:chrome_browser_main_extra_parts_metrics.cc(235)] START: GetDefaultBrowser(). If you don't see the END: message, this is crbug.com/1216328.
2월 14, 2022 10:50:24.471 [7828:8892:0214/105024.470:ERROR:chrome_browser_main_extra_parts_metrics.cc(239)] END: GetDefaultBrowser()
2월 14, 2022 11:04:54.365 [7828:18332:0214/110454.365:ERROR:CONSOLE(1)] "Uncaught (in promise) TypeError: Cannot read properties of undefined (reading 'uiSourceCode')", source: devtools://devtools/bundled/devtools-frontend/front_end/panels/sources/sources.js (1)
2월 14, 2022 11:08:08.282 [7828:18332:0214/110808.282:ERROR:CONSOLE(1)] "Uncaught (in promise) TypeError: Cannot read properties of undefined (reading 'uiSourceCode')", source: devtools://devtools/bundled/devtools-frontend/front_end/panels/sources/sources.js (1)
2월 14, 2022 11:08:09.82 [7828:18332:0214/110809.082:ERROR:CONSOLE(1)] "Uncaught (in promise) TypeError: Cannot read properties of undefined (reading 'uiSourceCode')", source: devtools://devtools/bundled/devtools-frontend/front_end/panels/sources/sources.js (1)
2월 14, 2022 11:10:10.384 [7828:18332:0214/111010.384:ERROR:CONSOLE(1)] "Uncaught (in promise) TypeError: Cannot read properties of undefined (reading 'uiSourceCode')", source: devtools://devtools/bundled/devtools-frontend/front_end/panels/sources/sources.js (1)
2월 14, 2022 11:10:12.281 [7828:18332:0214/111012.281:ERROR:CONSOLE(1)] "Uncaught (in promise) TypeError: Cannot read properties of undefined (reading 'uiSourceCode')", source: devtools://devtools/bundled/devtools-frontend/front_end/panels/sources/sources.js (1)
2월 14, 2022 11:10:15.518 [7828:18332:0214/111015.517:ERROR:CONSOLE(1)] "Uncaught (in promise) TypeError: Cannot read properties of undefined (reading 'uiSourceCode')", source: devtools://devtools/bundled/devtools-frontend/front_end/panels/sources/sources.js (1)
2월 14, 2022 11:11:28.345 [7828:18332:0214/111128.345:ERROR:CONSOLE(1)] "Uncaught (in promise) TypeError: Cannot read properties of undefined (reading 'uiSourceCode')", source: devtools://devtools/bundled/devtools-frontend/front_end/panels/sources/sources.js (1)
2월 14, 2022 11:17:01.913 [7828:18332:0214/111701.913:ERROR:CONSOLE(1)] "Uncaught (in promise) TypeError: Cannot read properties of undefined (reading 'uiSourceCode')", source: devtools://devtools/bundled/devtools-frontend/front_end/panels/sources/sources.js (1)
2월 14, 2022 11:39:09.901 [14468:7428:0214/113909.901:ERROR:chrome_browser_main_extra_parts_metrics.cc(227)] START: ReportBluetoothAvailability(). If you don't see the END: message, this is crbug.com/1216328.
2월 14, 2022 11:39:09.902 [14468:7428:0214/113909.901:ERROR:chrome_browser_main_extra_parts_metrics.cc(230)] END: ReportBluetoothAvailability()
2월 14, 2022 11:39:09.903 [14468:7428:0214/113909.901:ERROR:chrome_browser_main_extra_parts_metrics.cc(235)] START: GetDefaultBrowser(). If you don't see the END: message, this is crbug.com/1216328.
2월 14, 2022 11:39:09.903 [14468:7428:0214/113909.902:ERROR:chrome_browser_main_extra_parts_metrics.cc(239)] END: GetDefaultBrowser()
2월 14, 2022 11:39:09.907 [14468:13868:0214/113909.907:ERROR:device_event_log_impl.cc(214)] [11:39:09.906] USB: usb_service_win.cc:391 Could not read device interface GUIDs: 지정된 파일을 찾을 수 없습니다. (0x2)
2월 14, 2022 11:39:09.913 [14468:13868:0214/113909.909:ERROR:device_event_log_impl.cc(214)] [11:39:09.908] USB: usb_device_handle_win.cc:1049 Failed to read descriptor from node connection: 시스템에 부착된 장치가 작동하지 않습니다. (0x1F)
2월 14, 2022 11:39:09.914 [14468:13868:0214/113909.913:ERROR:device_event_log_impl.cc(214)] [11:39:09.913] USB: usb_device_handle_win.cc:1049 Failed to read descriptor from node connection: 시스템에 부착된 장치가 작동하지 않습니다. (0x1F)
2월 14, 2022 11:39:09.914 [14468:13868:0214/113909.913:ERROR:device_event_log_impl.cc(214)] [11:39:09.913] USB: usb_device_handle_win.cc:1049 Failed to read descriptor from node connection: 시스템에 부착된 장치가 작동하지 않습니다. (0x1F)
2월 14, 2022 11:39:09.915 [14468:13868:0214/113909.913:ERROR:device_event_log_impl.cc(214)] [11:39:09.913] USB: usb_device_handle_win.cc:1049 Failed to read descriptor from node connection: 시스템에 부착된 장치가 작동하지 않습니다. (0x1F)
2월 14, 2022 11:42:29.55 [10584:12880:0214/114229.055:ERROR:chrome_browser_main_extra_parts_metrics.cc(227)] START: ReportBluetoothAvailability(). If you don't see the END: message, this is crbug.com/1216328.
2월 14, 2022 11:42:29.56 [10584:12880:0214/114229.055:ERROR:chrome_browser_main_extra_parts_metrics.cc(230)] END: ReportBluetoothAvailability()
2월 14, 2022 11:42:29.56 [10584:12880:0214/114229.055:ERROR:chrome_browser_main_extra_parts_metrics.cc(235)] START: GetDefaultBrowser(). If you don't see the END: message, this is crbug.com/1216328.
2월 14, 2022 11:42:29.56 [10584:12880:0214/114229.056:ERROR:chrome_browser_main_extra_parts_metrics.cc(239)] END: GetDefaultBrowser()
2월 14, 2022 11:42:29.60 [10584:16284:0214/114229.060:ERROR:device_event_log_impl.cc(214)] [11:42:29.059] USB: usb_service_win.cc:391 Could not read device interface GUIDs: 지정된 파일을 찾을 수 없습니다. (0x2)
2월 14, 2022 11:42:29.64 [10584:16284:0214/114229.064:ERROR:device_event_log_impl.cc(214)] [11:42:29.063] USB: usb_device_handle_win.cc:1049 Failed to read descriptor from node connection: 시스템에 부착된 장치가 작동하지 않습니다. (0x1F)
2월 14, 2022 11:42:29.69 [10584:16284:0214/114229.069:ERROR:device_event_log_impl.cc(214)] [11:42:29.069] USB: usb_device_handle_win.cc:1049 Failed to read descriptor from node connection: 시스템에 부착된 장치가 작동하지 않습니다. (0x1F)
2월 14, 2022 11:42:29.69 [10584:16284:0214/114229.069:ERROR:device_event_log_impl.cc(214)] [11:42:29.069] USB: usb_device_handle_win.cc:1049 Failed to read descriptor from node connection: 시스템에 부착된 장치가 작동하지 않습니다. (0x1F)
2월 14, 2022 11:42:29.70 [10584:16284:0214/114229.069:ERROR:device_event_log_impl.cc(214)] [11:42:29.069] USB: usb_device_handle_win.cc:1049 Failed to read descriptor from node connection: 시스템에 부착된 장치가 작동하지 않습니다. (0x1F)
2월 14, 2022 11:50:31.421 [14612:13656:0214/115031.421:ERROR:chrome_browser_main_extra_parts_metrics.cc(227)] START: ReportBluetoothAvailability(). If you don't see the END: message, this is crbug.com/1216328.
2월 14, 2022 11:50:31.422 [14612:13656:0214/115031.421:ERROR:chrome_browser_main_extra_parts_metrics.cc(230)] END: ReportBluetoothAvailability()
2월 14, 2022 11:50:31.422 [14612:13656:0214/115031.421:ERROR:chrome_browser_main_extra_parts_metrics.cc(235)] START: GetDefaultBrowser(). If you don't see the END: message, this is crbug.com/1216328.
2월 14, 2022 11:50:31.422 [14612:13656:0214/115031.422:ERROR:chrome_browser_main_extra_parts_metrics.cc(239)] END: GetDefaultBrowser()
2월 14, 2022 11:50:31.424 [14612:5376:0214/115031.423:ERROR:device_event_log_impl.cc(214)] [11:50:31.424] USB: usb_service_win.cc:391 Could not read device interface GUIDs: 지정된 파일을 찾을 수 없습니다. (0x2)
2월 14, 2022 11:50:31.425 [14612:5376:0214/115031.424:ERROR:device_event_log_impl.cc(214)] [11:50:31.425] USB: usb_device_handle_win.cc:1049 Failed to read descriptor from node connection: 시스템에 부착된 장치가 작동하지 않습니다. (0x1F)
2월 14, 2022 11:50:31.430 [14612:5376:0214/115031.429:ERROR:device_event_log_impl.cc(214)] [11:50:31.430] USB: usb_device_handle_win.cc:1049 Failed to read descriptor from node connection: 시스템에 부착된 장치가 작동하지 않습니다. (0x1F)
2월 14, 2022 11:50:31.435 [14612:5376:0214/115031.429:ERROR:device_event_log_impl.cc(214)] [11:50:31.430] USB: usb_device_handle_win.cc:1049 Failed to read descriptor from node connection: 시스템에 부착된 장치가 작동하지 않습니다. (0x1F)
2월 14, 2022 11:50:31.435 [14612:5376:0214/115031.429:ERROR:device_event_log_impl.cc(214)] [11:50:31.430] USB: usb_device_handle_win.cc:1049 Failed to read descriptor from node connection: 시스템에 부착된 장치가 작동하지 않습니다. (0x1F)

2월 14, 2022 11:55:08.964 NEW SESSION
2월 14, 2022 11:55:08.964 [11320:17876:0214/115508.962:ERROR:chrome_browser_main_extra_parts_metrics.cc(227)] START: ReportBluetoothAvailability(). If you don't see the END: message, this is crbug.com/1216328.
2월 14, 2022 11:55:08.965 [11320:17876:0214/115508.962:ERROR:chrome_browser_main_extra_parts_metrics.cc(230)] END: ReportBluetoothAvailability()
2월 14, 2022 11:55:08.966 [11320:17876:0214/115508.962:ERROR:chrome_browser_main_extra_parts_metrics.cc(235)] START: GetDefaultBrowser(). If you don't see the END: message, this is crbug.com/1216328.
2월 14, 2022 11:55:08.967 [11320:17876:0214/115508.963:ERROR:chrome_browser_main_extra_parts_metrics.cc(239)] END: GetDefaultBrowser()
2월 14, 2022 11:55:08.969 [11320:11408:0214/115508.968:ERROR:device_event_log_impl.cc(214)] [11:55:08.968] USB: usb_service_win.cc:391 Could not read device interface GUIDs: 지정된 파일을 찾을 수 없습니다. (0x2)
2월 14, 2022 11:55:08.970 [11320:11408:0214/115508.970:ERROR:device_event_log_impl.cc(214)] [11:55:08.970] USB: usb_device_handle_win.cc:1049 Failed to read descriptor from node connection: 시스템에 부착된 장치가 작동하지 않습니다. (0x1F)
2월 14, 2022 11:55:08.975 [11320:11408:0214/115508.975:ERROR:device_event_log_impl.cc(214)] [11:55:08.975] USB: usb_device_handle_win.cc:1049 Failed to read descriptor from node connection: 시스템에 부착된 장치가 작동하지 않습니다. (0x1F)
2월 14, 2022 11:55:08.975 [11320:11408:0214/115508.975:ERROR:device_event_log_impl.cc(214)] [11:55:08.975] USB: usb_device_handle_win.cc:1049 Failed to read descriptor from node connection: 시스템에 부착된 장치가 작동하지 않습니다. (0x1F)
2월 14, 2022 11:55:08.976 [11320:11408:0214/115508.975:ERROR:device_event_log_impl.cc(214)] [11:55:08.975] USB: usb_device_handle_win.cc:1049 Failed to read descriptor from node connection: 시스템에 부착된 장치가 작동하지 않습니다. (0x1F)
2월 14, 2022 15:41:40.344 [2232:356:0214/154140.344:ERROR:chrome_browser_main_extra_parts_metrics.cc(227)] START: ReportBluetoothAvailability(). If you don't see the END: message, this is crbug.com/1216328.
2월 14, 2022 15:41:40.344 [2232:356:0214/154140.344:ERROR:chrome_browser_main_extra_parts_metrics.cc(230)] END: ReportBluetoothAvailability()
2월 14, 2022 15:41:40.345 [2232:356:0214/154140.344:ERROR:chrome_browser_main_extra_parts_metrics.cc(235)] START: GetDefaultBrowser(). If you don't see the END: message, this is crbug.com/1216328.
2월 14, 2022 15:41:40.345 [2232:356:0214/154140.344:ERROR:chrome_browser_main_extra_parts_metrics.cc(239)] END: GetDefaultBrowser()
2월 14, 2022 15:41:40.347 [2232:4612:0214/154140.347:ERROR:device_event_log_impl.cc(214)] [15:41:40.347] USB: usb_service_win.cc:391 Could not read device interface GUIDs: 지정된 파일을 찾을 수 없습니다. (0x2)
2월 14, 2022 15:41:40.348 [2232:4612:0214/154140.348:ERROR:device_event_log_impl.cc(214)] [15:41:40.349] USB: usb_device_handle_win.cc:1049 Failed to read descriptor from node connection: 시스템에 부착된 장치가 작동하지 않습니다. (0x1F)
2월 14, 2022 15:41:40.353 [2232:4612:0214/154140.353:ERROR:device_event_log_impl.cc(214)] [15:41:40.353] USB: usb_device_handle_win.cc:1049 Failed to read descriptor from node connection: 시스템에 부착된 장치가 작동하지 않습니다. (0x1F)
2월 14, 2022 15:41:40.353 [2232:4612:0214/154140.353:ERROR:device_event_log_impl.cc(214)] [15:41:40.353] USB: usb_device_handle_win.cc:1049 Failed to read descriptor from node connection: 시스템에 부착된 장치가 작동하지 않습니다. (0x1F)
2월 14, 2022 15:41:40.353 [2232:4612:0214/154140.353:ERROR:device_event_log_impl.cc(214)] [15:41:40.353] USB: usb_device_handle_win.cc:1049 Failed to read descriptor from node connection: 시스템에 부착된 장치가 작동하지 않습니다. (0x1F)
2월 14, 2022 16:24:37.821 [16196:13984:0214/162437.821:ERROR:chrome_browser_main_extra_parts_metrics.cc(227)] START: ReportBluetoothAvailability(). If you don't see the END: message, this is crbug.com/1216328.
2월 14, 2022 16:24:37.822 [16196:13984:0214/162437.821:ERROR:chrome_browser_main_extra_parts_metrics.cc(230)] END: ReportBluetoothAvailability()
2월 14, 2022 16:24:37.823 [16196:13984:0214/162437.821:ERROR:chrome_browser_main_extra_parts_metrics.cc(235)] START: GetDefaultBrowser(). If you don't see the END: message, this is crbug.com/1216328.
2월 14, 2022 16:24:37.823 [16196:13984:0214/162437.822:ERROR:chrome_browser_main_extra_parts_metrics.cc(239)] END: GetDefaultBrowser()
2월 14, 2022 16:24:37.827 [16196:9184:0214/162437.826:ERROR:device_event_log_impl.cc(214)] [16:24:37.826] USB: usb_service_win.cc:391 Could not read device interface GUIDs: 지정된 파일을 찾을 수 없습니다. (0x2)
2월 14, 2022 16:24:37.828 [16196:9184:0214/162437.827:ERROR:device_event_log_impl.cc(214)] [16:24:37.828] USB: usb_device_handle_win.cc:1049 Failed to read descriptor from node connection: 시스템에 부착된 장치가 작동하지 않습니다. (0x1F)
2월 14, 2022 16:24:37.834 [16196:9184:0214/162437.834:ERROR:device_event_log_impl.cc(214)] [16:24:37.834] USB: usb_device_handle_win.cc:1049 Failed to read descriptor from node connection: 시스템에 부착된 장치가 작동하지 않습니다. (0x1F)
2월 14, 2022 16:24:37.834 [16196:9184:0214/162437.834:ERROR:device_event_log_impl.cc(214)] [16:24:37.834] USB: usb_device_handle_win.cc:1049 Failed to read descriptor from node connection: 시스템에 부착된 장치가 작동하지 않습니다. (0x1F)
2월 14, 2022 16:24:37.835 [16196:9184:0214/162437.834:ERROR:device_event_log_impl.cc(214)] [16:24:37.834] USB: usb_device_handle_win.cc:1049 Failed to read descriptor from node connection: 시스템에 부착된 장치가 작동하지 않습니다. (0x1F)
2월 14, 2022 16:34:11.771 [12320:8416:0214/163411.771:ERROR:chrome_browser_main_extra_parts_metrics.cc(227)] START: ReportBluetoothAvailability(). If you don't see the END: message, this is crbug.com/1216328.
2월 14, 2022 16:34:11.772 [12320:8416:0214/163411.771:ERROR:chrome_browser_main_extra_parts_metrics.cc(230)] END: ReportBluetoothAvailability()
2월 14, 2022 16:34:11.772 [12320:8416:0214/163411.771:ERROR:chrome_browser_main_extra_parts_metrics.cc(235)] START: GetDefaultBrowser(). If you don't see the END: message, this is crbug.com/1216328.
2월 14, 2022 16:34:11.772 [12320:8416:0214/163411.772:ERROR:chrome_browser_main_extra_parts_metrics.cc(239)] END: GetDefaultBrowser()
2월 14, 2022 16:34:11.776 [12320:9484:0214/163411.775:ERROR:device_event_log_impl.cc(214)] [16:34:11.776] USB: usb_service_win.cc:391 Could not read device interface GUIDs: 지정된 파일을 찾을 수 없습니다. (0x2)
2월 14, 2022 16:34:11.778 [12320:9484:0214/163411.777:ERROR:device_event_log_impl.cc(214)] [16:34:11.778] USB: usb_device_handle_win.cc:1049 Failed to read descriptor from node connection: 시스템에 부착된 장치가 작동하지 않습니다. (0x1F)
2월 14, 2022 16:34:11.783 [12320:9484:0214/163411.782:ERROR:device_event_log_impl.cc(214)] [16:34:11.782] USB: usb_device_handle_win.cc:1049 Failed to read descriptor from node connection: 시스템에 부착된 장치가 작동하지 않습니다. (0x1F)
2월 14, 2022 16:34:11.783 [12320:9484:0214/163411.782:ERROR:device_event_log_impl.cc(214)] [16:34:11.782] USB: usb_device_handle_win.cc:1049 Failed to read descriptor from node connection: 시스템에 부착된 장치가 작동하지 않습니다. (0x1F)
2월 14, 2022 16:34:11.783 [12320:9484:0214/163411.782:ERROR:device_event_log_impl.cc(214)] [16:34:11.782] USB: usb_device_handle_win.cc:1049 Failed to read descriptor from node connection: 시스템에 부착된 장치가 작동하지 않습니다. (0x1F)
2월 14, 2022 17:55:30.213 [12320:9484:0214/175530.212:ERROR:device_event_log_impl.cc(214)] [17:55:30.163] USB: usb_service_win.cc:260 Failed to get device driver name: 요소가 없습니다. (0x490)
2월 14, 2022 17:55:35.453 [12320:10980:0214/175535.453:ERROR:connection_factory_impl.cc(425)] Failed to connect to MCS endpoint with error -109
2월 14, 2022 21:27:44.363 [12320:10980:0214/212744.362:ERROR:connection_factory_impl.cc(425)] Failed to connect to MCS endpoint with error -105
2월 14, 2022 21:27:44.367 [12320:18500:0214/212744.366:ERROR:get_updates_processor.cc(260)] PostClientToServerMessage() failed during GetUpdates with error 2
2월 14, 2022 21:27:44.374 [12320:18500:0214/212744.374:ERROR:get_updates_processor.cc(260)] PostClientToServerMessage() failed during GetUpdates with error 2

2월 15, 2022 09:27:25.136 NEW SESSION
2월 15, 2022 09:27:25.137 [11236:1240:0215/092725.135:ERROR:chrome_browser_main_extra_parts_metrics.cc(227)] START: ReportBluetoothAvailability(). If you don't see the END: message, this is crbug.com/1216328.
2월 15, 2022 09:27:25.137 [11236:1240:0215/092725.135:ERROR:chrome_browser_main_extra_parts_metrics.cc(230)] END: ReportBluetoothAvailability()
2월 15, 2022 09:27:25.138 [11236:1240:0215/092725.136:ERROR:chrome_browser_main_extra_parts_metrics.cc(235)] START: GetDefaultBrowser(). If you don't see the END: message, this is crbug.com/1216328.
2월 15, 2022 09:27:25.138 [11236:1240:0215/092725.136:ERROR:chrome_browser_main_extra_parts_metrics.cc(239)] END: GetDefaultBrowser()
2월 15, 2022 09:27:25.140 [11236:10552:0215/092725.140:ERROR:device_event_log_impl.cc(214)] [09:27:25.140] USB: usb_service_win.cc:391 Could not read device interface GUIDs: 지정된 파일을 찾을 수 없습니다. (0x2)
2월 15, 2022 09:27:25.143 [11236:10552:0215/092725.142:ERROR:device_event_log_impl.cc(214)] [09:27:25.143] USB: usb_device_handle_win.cc:1049 Failed to read descriptor from node connection: 시스템에 부착된 장치가 작동하지 않습니다. (0x1F)
2월 15, 2022 09:27:25.146 [11236:10552:0215/092725.146:ERROR:device_event_log_impl.cc(214)] [09:27:25.146] USB: usb_device_handle_win.cc:1049 Failed to read descriptor from node connection: 시스템에 부착된 장치가 작동하지 않습니다. (0x1F)
2월 15, 2022 09:27:25.147 [11236:10552:0215/092725.146:ERROR:device_event_log_impl.cc(214)] [09:27:25.146] USB: usb_device_handle_win.cc:1049 Failed to read descriptor from node connection: 시스템에 부착된 장치가 작동하지 않습니다. (0x1F)
2월 15, 2022 09:27:25.147 [11236:10552:0215/092725.146:ERROR:device_event_log_impl.cc(214)] [09:27:25.146] USB: usb_device_handle_win.cc:1049 Failed to read descriptor from node connection: 시스템에 부착된 장치가 작동하지 않습니다. (0x1F)
2월 15, 2022 09:28:00.615 [16944:10076:0215/092800.615:ERROR:chrome_browser_main_extra_parts_metrics.cc(227)] START: ReportBluetoothAvailability(). If you don't see the END: message, this is crbug.com/1216328.
2월 15, 2022 09:28:00.615 [16944:10076:0215/092800.615:ERROR:chrome_browser_main_extra_parts_metrics.cc(230)] END: ReportBluetoothAvailability()
2월 15, 2022 09:28:00.616 [16944:10076:0215/092800.615:ERROR:chrome_browser_main_extra_parts_metrics.cc(235)] START: GetDefaultBrowser(). If you don't see the END: message, this is crbug.com/1216328.
2월 15, 2022 09:28:00.616 [16944:10076:0215/092800.616:ERROR:chrome_browser_main_extra_parts_metrics.cc(239)] END: GetDefaultBrowser()
2월 15, 2022 09:28:00.621 [16944:9476:0215/092800.620:ERROR:device_event_log_impl.cc(214)] [09:28:00.620] USB: usb_service_win.cc:391 Could not read device interface GUIDs: 지정된 파일을 찾을 수 없습니다. (0x2)
2월 15, 2022 09:28:00.623 [16944:9476:0215/092800.623:ERROR:device_event_log_impl.cc(214)] [09:28:00.622] USB: usb_device_handle_win.cc:1049 Failed to read descriptor from node connection: 시스템에 부착된 장치가 작동하지 않습니다. (0x1F)
2월 15, 2022 09:28:00.628 [16944:9476:0215/092800.627:ERROR:device_event_log_impl.cc(214)] [09:28:00.627] USB: usb_device_handle_win.cc:1049 Failed to read descriptor from node connection: 시스템에 부착된 장치가 작동하지 않습니다. (0x1F)
2월 15, 2022 09:28:00.628 [16944:9476:0215/092800.627:ERROR:device_event_log_impl.cc(214)] [09:28:00.627] USB: usb_device_handle_win.cc:1049 Failed to read descriptor from node connection: 시스템에 부착된 장치가 작동하지 않습니다. (0x1F)
2월 15, 2022 09:28:00.629 [16944:9476:0215/092800.627:ERROR:device_event_log_impl.cc(214)] [09:28:00.627] USB: usb_device_handle_win.cc:1049 Failed to read descriptor from node connection: 시스템에 부착된 장치가 작동하지 않습니다. (0x1F)
2월 15, 2022 09:37:01.629 [19240:18268:0215/093701.629:ERROR:chrome_browser_main_extra_parts_metrics.cc(227)] START: ReportBluetoothAvailability(). If you don't see the END: message, this is crbug.com/1216328.
2월 15, 2022 09:37:01.629 [19240:18268:0215/093701.629:ERROR:chrome_browser_main_extra_parts_metrics.cc(230)] END: ReportBluetoothAvailability()
2월 15, 2022 09:37:01.630 [19240:18268:0215/093701.629:ERROR:chrome_browser_main_extra_parts_metrics.cc(235)] START: GetDefaultBrowser(). If you don't see the END: message, this is crbug.com/1216328.
2월 15, 2022 09:37:01.630 [19240:18268:0215/093701.629:ERROR:chrome_browser_main_extra_parts_metrics.cc(239)] END: GetDefaultBrowser()
2월 15, 2022 09:37:01.634 [19240:18324:0215/093701.634:ERROR:device_event_log_impl.cc(214)] [09:37:01.634] USB: usb_service_win.cc:391 Could not read device interface GUIDs: 지정된 파일을 찾을 수 없습니다. (0x2)
2월 15, 2022 09:37:01.635 [19240:18324:0215/093701.635:ERROR:device_event_log_impl.cc(214)] [09:37:01.635] USB: usb_device_handle_win.cc:1049 Failed to read descriptor from node connection: 시스템에 부착된 장치가 작동하지 않습니다. (0x1F)
2월 15, 2022 09:37:01.640 [19240:18324:0215/093701.640:ERROR:device_event_log_impl.cc(214)] [09:37:01.640] USB: usb_device_handle_win.cc:1049 Failed to read descriptor from node connection: 시스템에 부착된 장치가 작동하지 않습니다. (0x1F)
2월 15, 2022 09:37:01.642 [19240:18324:0215/093701.640:ERROR:device_event_log_impl.cc(214)] [09:37:01.640] USB: usb_device_handle_win.cc:1049 Failed to read descriptor from node connection: 시스템에 부착된 장치가 작동하지 않습니다. (0x1F)
2월 15, 2022 09:37:01.642 [19240:18324:0215/093701.640:ERROR:device_event_log_impl.cc(214)] [09:37:01.640] USB: usb_device_handle_win.cc:1049 Failed to read descriptor from node connection: 시스템에 부착된 장치가 작동하지 않습니다. (0x1F)
2월 15, 2022 09:43:57.308 [19240:18324:0215/094357.308:ERROR:device_event_log_impl.cc(214)] [09:43:57.307] USB: usb_service_win.cc:260 Failed to get device driver name: 요소가 없습니다. (0x490)
2월 15, 2022 09:43:57.316 [19240:18324:0215/094357.315:ERROR:device_event_log_impl.cc(214)] [09:43:57.315] USB: usb_service_win.cc:283 SetupDiEnumDeviceInterfaces: 사용 가능한 데이터가 없습니다. (0x103)

2월 15, 2022 11:00:29.945 NEW SESSION
2월 15, 2022 11:00:29.945 [2904:18040:0215/110029.944:ERROR:chrome_browser_main_extra_parts_metrics.cc(227)] START: ReportBluetoothAvailability(). If you don't see the END: message, this is crbug.com/1216328.
2월 15, 2022 11:00:29.946 [2904:18040:0215/110029.944:ERROR:chrome_browser_main_extra_parts_metrics.cc(230)] END: ReportBluetoothAvailability()
2월 15, 2022 11:00:29.946 [2904:18040:0215/110029.944:ERROR:chrome_browser_main_extra_parts_metrics.cc(235)] START: GetDefaultBrowser(). If you don't see the END: message, this is crbug.com/1216328.
2월 15, 2022 11:00:29.946 [2904:18040:0215/110029.945:ERROR:chrome_browser_main_extra_parts_metrics.cc(239)] END: GetDefaultBrowser()
2월 15, 2022 11:00:29.948 [2904:15924:0215/110029.948:ERROR:device_event_log_impl.cc(214)] [11:00:29.947] USB: usb_service_win.cc:391 Could not read device interface GUIDs: 지정된 파일을 찾을 수 없습니다. (0x2)
2월 15, 2022 11:00:29.953 [2904:15924:0215/110029.952:ERROR:device_event_log_impl.cc(214)] [11:00:29.952] USB: usb_device_handle_win.cc:1049 Failed to read descriptor from node connection: 시스템에 부착된 장치가 작동하지 않습니다. (0x1F)
2월 15, 2022 11:00:29.959 [2904:15924:0215/110029.957:ERROR:device_event_log_impl.cc(214)] [11:00:29.957] USB: usb_device_handle_win.cc:1049 Failed to read descriptor from node connection: 시스템에 부착된 장치가 작동하지 않습니다. (0x1F)
2월 15, 2022 11:00:29.959 [2904:15924:0215/110029.958:ERROR:device_event_log_impl.cc(214)] [11:00:29.958] USB: usb_device_handle_win.cc:1049 Failed to read descriptor from node connection: 시스템에 부착된 장치가 작동하지 않습니다. (0x1F)
2월 15, 2022 11:00:29.960 [2904:15924:0215/110029.958:ERROR:device_event_log_impl.cc(214)] [11:00:29.958] USB: usb_device_handle_win.cc:1049 Failed to read descriptor from node connection: 시스템에 부착된 장치가 작동하지 않습니다. (0x1F)
2월 15, 2022 12:07:28.146 [10164:7984:0215/120728.146:ERROR:chrome_browser_main_extra_parts_metrics.cc(227)] START: ReportBluetoothAvailability(). If you don't see the END: message, this is crbug.com/1216328.
2월 15, 2022 12:07:28.147 [10164:7984:0215/120728.146:ERROR:chrome_browser_main_extra_parts_metrics.cc(230)] END: ReportBluetoothAvailability()
2월 15, 2022 12:07:28.147 [10164:7984:0215/120728.146:ERROR:chrome_browser_main_extra_parts_metrics.cc(235)] START: GetDefaultBrowser(). If you don't see the END: message, this is crbug.com/1216328.
2월 15, 2022 12:07:28.148 [10164:7984:0215/120728.147:ERROR:chrome_browser_main_extra_parts_metrics.cc(239)] END: GetDefaultBrowser()
2월 15, 2022 12:07:28.149 [10164:18496:0215/120728.149:ERROR:device_event_log_impl.cc(214)] [12:07:28.149] USB: usb_service_win.cc:391 Could not read device interface GUIDs: 지정된 파일을 찾을 수 없습니다. (0x2)
2월 15, 2022 12:07:28.154 [10164:18496:0215/120728.153:ERROR:device_event_log_impl.cc(214)] [12:07:28.154] USB: usb_device_handle_win.cc:1049 Failed to read descriptor from node connection: 시스템에 부착된 장치가 작동하지 않습니다. (0x1F)
2월 15, 2022 12:07:28.159 [10164:18496:0215/120728.159:ERROR:device_event_log_impl.cc(214)] [12:07:28.159] USB: usb_device_handle_win.cc:1049 Failed to read descriptor from node connection: 시스템에 부착된 장치가 작동하지 않습니다. (0x1F)
2월 15, 2022 12:07:28.161 [10164:18496:0215/120728.160:ERROR:device_event_log_impl.cc(214)] [12:07:28.161] USB: usb_device_handle_win.cc:1049 Failed to read descriptor from node connection: 시스템에 부착된 장치가 작동하지 않습니다. (0x1F)
2월 15, 2022 12:07:28.161 [10164:18496:0215/120728.160:ERROR:device_event_log_impl.cc(214)] [12:07:28.161] USB: usb_device_handle_win.cc:1049 Failed to read descriptor from node connection: 시스템에 부착된 장치가 작동하지 않습니다. (0x1F)
2월 15, 2022 12:08:41.406 [4696:12552:0215/120841.406:ERROR:chrome_browser_main_extra_parts_metrics.cc(227)] START: ReportBluetoothAvailability(). If you don't see the END: message, this is crbug.com/1216328.
2월 15, 2022 12:08:41.406 [4696:12552:0215/120841.406:ERROR:chrome_browser_main_extra_parts_metrics.cc(230)] END: ReportBluetoothAvailability()
2월 15, 2022 12:08:41.407 [4696:12552:0215/120841.406:ERROR:chrome_browser_main_extra_parts_metrics.cc(235)] START: GetDefaultBrowser(). If you don't see the END: message, this is crbug.com/1216328.
2월 15, 2022 12:08:41.407 [4696:12552:0215/120841.406:ERROR:chrome_browser_main_extra_parts_metrics.cc(239)] END: GetDefaultBrowser()
2월 15, 2022 12:08:41.411 [4696:14140:0215/120841.410:ERROR:device_event_log_impl.cc(214)] [12:08:41.410] USB: usb_service_win.cc:391 Could not read device interface GUIDs: 지정된 파일을 찾을 수 없습니다. (0x2)
2월 15, 2022 12:08:41.417 [4696:14140:0215/120841.416:ERROR:device_event_log_impl.cc(214)] [12:08:41.417] USB: usb_device_handle_win.cc:1049 Failed to read descriptor from node connection: 시스템에 부착된 장치가 작동하지 않습니다. (0x1F)
2월 15, 2022 12:08:41.421 [4696:14140:0215/120841.421:ERROR:device_event_log_impl.cc(214)] [12:08:41.421] USB: usb_device_handle_win.cc:1049 Failed to read descriptor from node connection: 시스템에 부착된 장치가 작동하지 않습니다. (0x1F)
2월 15, 2022 12:08:41.422 [4696:14140:0215/120841.422:ERROR:device_event_log_impl.cc(214)] [12:08:41.422] USB: usb_device_handle_win.cc:1049 Failed to read descriptor from node connection: 시스템에 부착된 장치가 작동하지 않습니다. (0x1F)
2월 15, 2022 12:08:41.423 [4696:14140:0215/120841.422:ERROR:device_event_log_impl.cc(214)] [12:08:41.422] USB: usb_device_handle_win.cc:1049 Failed to read descriptor from node connection: 시스템에 부착된 장치가 작동하지 않습니다. (0x1F)

2월 15, 2022 12:58:19.892 NEW SESSION
2월 15, 2022 12:58:19.892 [16484:3900:0215/125819.891:ERROR:chrome_browser_main_extra_parts_metrics.cc(227)] START: ReportBluetoothAvailability(). If you don't see the END: message, this is crbug.com/1216328.
2월 15, 2022 12:58:19.892 [16484:3900:0215/125819.891:ERROR:chrome_browser_main_extra_parts_metrics.cc(230)] END: ReportBluetoothAvailability()
2월 15, 2022 12:58:19.893 [16484:3900:0215/125819.891:ERROR:chrome_browser_main_extra_parts_metrics.cc(235)] START: GetDefaultBrowser(). If you don't see the END: message, this is crbug.com/1216328.
2월 15, 2022 12:58:19.893 [16484:3900:0215/125819.891:ERROR:chrome_browser_main_extra_parts_metrics.cc(239)] END: GetDefaultBrowser()
2월 15, 2022 12:58:19.897 [16484:11388:0215/125819.897:ERROR:device_event_log_impl.cc(214)] [12:58:19.897] USB: usb_service_win.cc:391 Could not read device interface GUIDs: 지정된 파일을 찾을 수 없습니다. (0x2)
2월 15, 2022 12:58:19.904 [16484:11388:0215/125819.903:ERROR:device_event_log_impl.cc(214)] [12:58:19.904] USB: usb_device_handle_win.cc:1049 Failed to read descriptor from node connection: 시스템에 부착된 장치가 작동하지 않습니다. (0x1F)
2월 15, 2022 12:58:19.909 [16484:11388:0215/125819.909:ERROR:device_event_log_impl.cc(214)] [12:58:19.909] USB: usb_device_handle_win.cc:1049 Failed to read descriptor from node connection: 시스템에 부착된 장치가 작동하지 않습니다. (0x1F)
2월 15, 2022 12:58:19.910 [16484:11388:0215/125819.910:ERROR:device_event_log_impl.cc(214)] [12:58:19.910] USB: usb_device_handle_win.cc:1049 Failed to read descriptor from node connection: 시스템에 부착된 장치가 작동하지 않습니다. (0x1F)
2월 15, 2022 12:58:19.910 [16484:11388:0215/125819.910:ERROR:device_event_log_impl.cc(214)] [12:58:19.910] USB: usb_device_handle_win.cc:1049 Failed to read descriptor from node connection: 시스템에 부착된 장치가 작동하지 않습니다. (0x1F)

2월 15, 2022 18:52:26.770 NEW SESSION
2월 15, 2022 18:52:26.771 [5856:7748:0215/185226.767:ERROR:chrome_browser_main_extra_parts_metrics.cc(227)] START: ReportBluetoothAvailability(). If you don't see the END: message, this is crbug.com/1216328.
2월 15, 2022 18:52:26.773 [5856:7748:0215/185226.770:ERROR:chrome_browser_main_extra_parts_metrics.cc(230)] END: ReportBluetoothAvailability()
2월 15, 2022 18:52:26.775 [5856:7748:0215/185226.770:ERROR:chrome_browser_main_extra_parts_metrics.cc(235)] START: GetDefaultBrowser(). If you don't see the END: message, this is crbug.com/1216328.
2월 15, 2022 18:52:26.789 [5856:7748:0215/185226.788:ERROR:chrome_browser_main_extra_parts_metrics.cc(239)] END: GetDefaultBrowser()
2월 15, 2022 18:52:26.814 [5856:15224:0215/185226.814:ERROR:device_event_log_impl.cc(214)] [18:52:26.814] USB: usb_service_win.cc:391 Could not read device interface GUIDs: 지정된 파일을 찾을 수 없습니다. (0x2)
2월 15, 2022 18:52:26.818 [5856:15224:0215/185226.817:ERROR:device_event_log_impl.cc(214)] [18:52:26.818] USB: usb_device_handle_win.cc:1049 Failed to read descriptor from node connection: 시스템에 부착된 장치가 작동하지 않습니다. (0x1F)
2월 15, 2022 18:52:26.823 [5856:15224:0215/185226.823:ERROR:device_event_log_impl.cc(214)] [18:52:26.824] USB: usb_device_handle_win.cc:1049 Failed to read descriptor from node connection: 시스템에 부착된 장치가 작동하지 않습니다. (0x1F)
2월 15, 2022 18:52:26.824 [5856:15224:0215/185226.824:ERROR:device_event_log_impl.cc(214)] [18:52:26.824] USB: usb_device_handle_win.cc:1049 Failed to read descriptor from node connection: 시스템에 부착된 장치가 작동하지 않습니다. (0x1F)
2월 15, 2022 18:52:26.825 [5856:15224:0215/185226.824:ERROR:device_event_log_impl.cc(214)] [18:52:26.825] USB: usb_device_handle_win.cc:1049 Failed to read descriptor from node connection: 시스템에 부착된 장치가 작동하지 않습니다. (0x1F)

2월 15, 2022 21:00:52.869 NEW SESSION
2월 15, 2022 21:00:52.869 [14764:17236:0215/210052.867:ERROR:chrome_browser_main_extra_parts_metrics.cc(227)] START: ReportBluetoothAvailability(). If you don't see the END: message, this is crbug.com/1216328.
2월 15, 2022 21:00:52.870 [14764:17236:0215/210052.867:ERROR:chrome_browser_main_extra_parts_metrics.cc(230)] END: ReportBluetoothAvailability()
2월 15, 2022 21:00:52.870 [14764:17236:0215/210052.867:ERROR:chrome_browser_main_extra_parts_metrics.cc(235)] START: GetDefaultBrowser(). If you don't see the END: message, this is crbug.com/1216328.
2월 15, 2022 21:00:52.871 [14764:17236:0215/210052.868:ERROR:chrome_browser_main_extra_parts_metrics.cc(239)] END: GetDefaultBrowser()
2월 15, 2022 21:00:52.871 [14764:2052:0215/210052.870:ERROR:device_event_log_impl.cc(214)] [21:00:52.869] USB: usb_service_win.cc:391 Could not read device interface GUIDs: 지정된 파일을 찾을 수 없습니다. (0x2)
2월 15, 2022 21:00:52.872 [14764:2052:0215/210052.871:ERROR:device_event_log_impl.cc(214)] [21:00:52.871] USB: usb_device_handle_win.cc:1049 Failed to read descriptor from node connection: 시스템에 부착된 장치가 작동하지 않습니다. (0x1F)
2월 15, 2022 21:00:52.877 [14764:2052:0215/210052.876:ERROR:device_event_log_impl.cc(214)] [21:00:52.876] USB: usb_device_handle_win.cc:1049 Failed to read descriptor from node connection: 시스템에 부착된 장치가 작동하지 않습니다. (0x1F)
2월 15, 2022 21:00:52.877 [14764:2052:0215/210052.877:ERROR:device_event_log_impl.cc(214)] [21:00:52.876] USB: usb_device_handle_win.cc:1049 Failed to read descriptor from node connection: 시스템에 부착된 장치가 작동하지 않습니다. (0x1F)
2월 15, 2022 21:00:52.877 [14764:2052:0215/210052.877:ERROR:device_event_log_impl.cc(214)] [21:00:52.876] USB: usb_device_handle_win.cc:1049 Failed to read descriptor from node connection: 시스템에 부착된 장치가 작동하지 않습니다. (0x1F)

2월 16, 2022 09:43:41.771 NEW SESSION
2월 16, 2022 09:43:41.771 [15536:7232:0216/094341.769:ERROR:chrome_browser_main_extra_parts_metrics.cc(227)] START: ReportBluetoothAvailability(). If you don't see the END: message, this is crbug.com/1216328.
2월 16, 2022 09:43:41.776 [15536:16412:0216/094341.775:ERROR:device_event_log_impl.cc(214)] [09:43:41.775] USB: usb_service_win.cc:391 Could not read device interface GUIDs: 지정된 파일을 찾을 수 없습니다. (0x2)
2월 16, 2022 09:43:41.778 [15536:16412:0216/094341.778:ERROR:device_event_log_impl.cc(214)] [09:43:41.777] USB: usb_device_handle_win.cc:1049 Failed to read descriptor from node connection: 시스템에 부착된 장치가 작동하지 않습니다. (0x1F)
2월 16, 2022 09:43:41.783 [15536:16412:0216/094341.782:ERROR:device_event_log_impl.cc(214)] [09:43:41.782] USB: usb_device_handle_win.cc:1049 Failed to read descriptor from node connection: 시스템에 부착된 장치가 작동하지 않습니다. (0x1F)
2월 16, 2022 09:43:41.783 [15536:16412:0216/094341.782:ERROR:device_event_log_impl.cc(214)] [09:43:41.782] USB: usb_device_handle_win.cc:1049 Failed to read descriptor from node connection: 시스템에 부착된 장치가 작동하지 않습니다. (0x1F)
2월 16, 2022 09:43:41.784 [15536:16412:0216/094341.782:ERROR:device_event_log_impl.cc(214)] [09:43:41.782] USB: usb_device_handle_win.cc:1049 Failed to read descriptor from node connection: 시스템에 부착된 장치가 작동하지 않습니다. (0x1F)
2월 16, 2022 09:43:41.794 [15536:7232:0216/094341.794:ERROR:chrome_browser_main_extra_parts_metrics.cc(230)] END: ReportBluetoothAvailability()
2월 16, 2022 09:43:41.795 [15536:7232:0216/094341.794:ERROR:chrome_browser_main_extra_parts_metrics.cc(235)] START: GetDefaultBrowser(). If you don't see the END: message, this is crbug.com/1216328.
2월 16, 2022 09:43:41.795 [15536:7232:0216/094341.795:ERROR:chrome_browser_main_extra_parts_metrics.cc(239)] END: GetDefaultBrowser()
2월 16, 2022 09:50:50.717 [19192:13684:0216/095050.717:ERROR:chrome_browser_main_extra_parts_metrics.cc(227)] START: ReportBluetoothAvailability(). If you don't see the END: message, this is crbug.com/1216328.
2월 16, 2022 09:50:50.717 [19192:13684:0216/095050.717:ERROR:chrome_browser_main_extra_parts_metrics.cc(230)] END: ReportBluetoothAvailability()
2월 16, 2022 09:50:50.718 [19192:13684:0216/095050.717:ERROR:chrome_browser_main_extra_parts_metrics.cc(235)] START: GetDefaultBrowser(). If you don't see the END: message, this is crbug.com/1216328.
2월 16, 2022 09:50:50.718 [19192:13684:0216/095050.717:ERROR:chrome_browser_main_extra_parts_metrics.cc(239)] END: GetDefaultBrowser()
2월 16, 2022 09:50:50.720 [19192:9760:0216/095050.720:ERROR:device_event_log_impl.cc(214)] [09:50:50.720] USB: usb_service_win.cc:391 Could not read device interface GUIDs: 지정된 파일을 찾을 수 없습니다. (0x2)
2월 16, 2022 09:50:50.723 [19192:9760:0216/095050.723:ERROR:device_event_log_impl.cc(214)] [09:50:50.723] USB: usb_device_handle_win.cc:1049 Failed to read descriptor from node connection: 시스템에 부착된 장치가 작동하지 않습니다. (0x1F)
2월 16, 2022 09:50:50.729 [19192:9760:0216/095050.729:ERROR:device_event_log_impl.cc(214)] [09:50:50.729] USB: usb_device_handle_win.cc:1049 Failed to read descriptor from node connection: 시스템에 부착된 장치가 작동하지 않습니다. (0x1F)
2월 16, 2022 09:50:50.729 [19192:9760:0216/095050.729:ERROR:device_event_log_impl.cc(214)] [09:50:50.729] USB: usb_device_handle_win.cc:1049 Failed to read descriptor from node connection: 시스템에 부착된 장치가 작동하지 않습니다. (0x1F)
2월 16, 2022 09:50:50.729 [19192:9760:0216/095050.729:ERROR:device_event_log_impl.cc(214)] [09:50:50.729] USB: usb_device_handle_win.cc:1049 Failed to read descriptor from node connection: 시스템에 부착된 장치가 작동하지 않습니다. (0x1F)

2월 16, 2022 10:23:35.727 NEW SESSION
2월 16, 2022 10:23:35.727 [12876:7080:0216/102335.725:ERROR:chrome_browser_main_extra_parts_metrics.cc(227)] START: ReportBluetoothAvailability(). If you don't see the END: message, this is crbug.com/1216328.
2월 16, 2022 10:23:35.728 [12876:7080:0216/102335.725:ERROR:chrome_browser_main_extra_parts_metrics.cc(230)] END: ReportBluetoothAvailability()
2월 16, 2022 10:23:35.729 [12876:7080:0216/102335.725:ERROR:chrome_browser_main_extra_parts_metrics.cc(235)] START: GetDefaultBrowser(). If you don't see the END: message, this is crbug.com/1216328.
2월 16, 2022 10:23:35.729 [12876:7080:0216/102335.726:ERROR:chrome_browser_main_extra_parts_metrics.cc(239)] END: GetDefaultBrowser()
2월 16, 2022 10:23:35.732 [12876:13012:0216/102335.732:ERROR:device_event_log_impl.cc(214)] [10:23:35.731] USB: usb_service_win.cc:391 Could not read device interface GUIDs: 지정된 파일을 찾을 수 없습니다. (0x2)
2월 16, 2022 10:23:35.735 [12876:13012:0216/102335.735:ERROR:device_event_log_impl.cc(214)] [10:23:35.734] USB: usb_device_handle_win.cc:1049 Failed to read descriptor from node connection: 시스템에 부착된 장치가 작동하지 않습니다. (0x1F)
2월 16, 2022 10:23:35.741 [12876:13012:0216/102335.739:ERROR:device_event_log_impl.cc(214)] [10:23:35.739] USB: usb_device_handle_win.cc:1049 Failed to read descriptor from node connection: 시스템에 부착된 장치가 작동하지 않습니다. (0x1F)
2월 16, 2022 10:23:35.741 [12876:13012:0216/102335.739:ERROR:device_event_log_impl.cc(214)] [10:23:35.739] USB: usb_device_handle_win.cc:1049 Failed to read descriptor from node connection: 시스템에 부착된 장치가 작동하지 않습니다. (0x1F)
2월 16, 2022 10:23:35.741 [12876:13012:0216/102335.739:ERROR:device_event_log_impl.cc(214)] [10:23:35.739] USB: usb_device_handle_win.cc:1049 Failed to read descriptor from node connection: 시스템에 부착된 장치가 작동하지 않습니다. (0x1F)
2월 16, 2022 11:56:15.840 [12876:13012:0216/115615.840:ERROR:sharing_service.cc(252)] Device un-registration failed with fatal error
2월 16, 2022 14:02:03.88 [16572:2024:0216/140203.088:ERROR:chrome_browser_main_extra_parts_metrics.cc(227)] START: ReportBluetoothAvailability(). If you don't see the END: message, this is crbug.com/1216328.
2월 16, 2022 14:02:03.88 [16572:2024:0216/140203.088:ERROR:chrome_browser_main_extra_parts_metrics.cc(230)] END: ReportBluetoothAvailability()
2월 16, 2022 14:02:03.88 [16572:2024:0216/140203.088:ERROR:chrome_browser_main_extra_parts_metrics.cc(235)] START: GetDefaultBrowser(). If you don't see the END: message, this is crbug.com/1216328.
2월 16, 2022 14:02:03.89 [16572:2024:0216/140203.088:ERROR:chrome_browser_main_extra_parts_metrics.cc(239)] END: GetDefaultBrowser()
2월 16, 2022 14:02:03.92 [16572:10132:0216/140203.091:ERROR:device_event_log_impl.cc(214)] [14:02:03.091] USB: usb_service_win.cc:391 Could not read device interface GUIDs: 지정된 파일을 찾을 수 없습니다. (0x2)
2월 16, 2022 14:02:03.93 [16572:10132:0216/140203.093:ERROR:device_event_log_impl.cc(214)] [14:02:03.093] USB: usb_device_handle_win.cc:1049 Failed to read descriptor from node connection: 시스템에 부착된 장치가 작동하지 않습니다. (0x1F)
2월 16, 2022 14:02:03.98 [16572:10132:0216/140203.098:ERROR:device_event_log_impl.cc(214)] [14:02:03.097] USB: usb_device_handle_win.cc:1049 Failed to read descriptor from node connection: 시스템에 부착된 장치가 작동하지 않습니다. (0x1F)
2월 16, 2022 14:02:03.98 [16572:10132:0216/140203.098:ERROR:device_event_log_impl.cc(214)] [14:02:03.097] USB: usb_device_handle_win.cc:1049 Failed to read descriptor from node connection: 시스템에 부착된 장치가 작동하지 않습니다. (0x1F)
2월 16, 2022 14:02:03.98 [16572:10132:0216/140203.098:ERROR:device_event_log_impl.cc(214)] [14:02:03.097] USB: usb_device_handle_win.cc:1049 Failed to read descriptor from node connection: 시스템에 부착된 장치가 작동하지 않습니다. (0x1F)
2월 16, 2022 14:04:03.818 [10596:4456:0216/140403.817:ERROR:chrome_browser_main_extra_parts_metrics.cc(227)] START: ReportBluetoothAvailability(). If you don't see the END: message, this is crbug.com/1216328.
2월 16, 2022 14:04:03.818 [10596:4456:0216/140403.818:ERROR:chrome_browser_main_extra_parts_metrics.cc(230)] END: ReportBluetoothAvailability()
2월 16, 2022 14:04:03.818 [10596:4456:0216/140403.818:ERROR:chrome_browser_main_extra_parts_metrics.cc(235)] START: GetDefaultBrowser(). If you don't see the END: message, this is crbug.com/1216328.
2월 16, 2022 14:04:03.819 [10596:4456:0216/140403.818:ERROR:chrome_browser_main_extra_parts_metrics.cc(239)] END: GetDefaultBrowser()
2월 16, 2022 14:04:03.827 [10596:8648:0216/140403.826:ERROR:device_event_log_impl.cc(214)] [14:04:03.826] USB: usb_service_win.cc:391 Could not read device interface GUIDs: 지정된 파일을 찾을 수 없습니다. (0x2)
2월 16, 2022 14:04:03.828 [10596:8648:0216/140403.827:ERROR:device_event_log_impl.cc(214)] [14:04:03.827] USB: usb_device_handle_win.cc:1049 Failed to read descriptor from node connection: 시스템에 부착된 장치가 작동하지 않습니다. (0x1F)
2월 16, 2022 14:04:03.833 [10596:8648:0216/140403.832:ERROR:device_event_log_impl.cc(214)] [14:04:03.832] USB: usb_device_handle_win.cc:1049 Failed to read descriptor from node connection: 시스템에 부착된 장치가 작동하지 않습니다. (0x1F)
2월 16, 2022 14:04:03.833 [10596:8648:0216/140403.832:ERROR:device_event_log_impl.cc(214)] [14:04:03.832] USB: usb_device_handle_win.cc:1049 Failed to read descriptor from node connection: 시스템에 부착된 장치가 작동하지 않습니다. (0x1F)
2월 16, 2022 14:04:03.834 [10596:8648:0216/140403.832:ERROR:device_event_log_impl.cc(214)] [14:04:03.832] USB: usb_device_handle_win.cc:1049 Failed to read descriptor from node connection: 시스템에 부착된 장치가 작동하지 않습니다. (0x1F)

2월 17, 2022 09:16:31.137 NEW SESSION
2월 17, 2022 09:16:31.137 [14788:15188:0217/091631.135:ERROR:chrome_browser_main_extra_parts_metrics.cc(227)] START: ReportBluetoothAvailability(). If you don't see the END: message, this is crbug.com/1216328.
2월 17, 2022 09:16:31.143 [14788:15188:0217/091631.135:ERROR:chrome_browser_main_extra_parts_metrics.cc(230)] END: ReportBluetoothAvailability()
2월 17, 2022 09:16:31.143 [14788:15188:0217/091631.135:ERROR:chrome_browser_main_extra_parts_metrics.cc(235)] START: GetDefaultBrowser(). If you don't see the END: message, this is crbug.com/1216328.
2월 17, 2022 09:16:31.144 [14788:15188:0217/091631.136:ERROR:chrome_browser_main_extra_parts_metrics.cc(239)] END: GetDefaultBrowser()
2월 17, 2022 09:16:31.144 [14788:10712:0217/091631.142:ERROR:device_event_log_impl.cc(214)] [09:16:31.142] USB: usb_service_win.cc:391 Could not read device interface GUIDs: 지정된 파일을 찾을 수 없습니다. (0x2)
2월 17, 2022 09:16:31.147 [14788:10712:0217/091631.147:ERROR:device_event_log_impl.cc(214)] [09:16:31.147] USB: usb_device_handle_win.cc:1049 Failed to read descriptor from node connection: 시스템에 부착된 장치가 작동하지 않습니다. (0x1F)
2월 17, 2022 09:16:31.152 [14788:10712:0217/091631.152:ERROR:device_event_log_impl.cc(214)] [09:16:31.151] USB: usb_device_handle_win.cc:1049 Failed to read descriptor from node connection: 시스템에 부착된 장치가 작동하지 않습니다. (0x1F)
2월 17, 2022 09:16:31.155 [14788:10712:0217/091631.155:ERROR:device_event_log_impl.cc(214)] [09:16:31.154] USB: usb_device_handle_win.cc:1049 Failed to read descriptor from node connection: 시스템에 부착된 장치가 작동하지 않습니다. (0x1F)
2월 17, 2022 09:16:31.156 [14788:10712:0217/091631.155:ERROR:device_event_log_impl.cc(214)] [09:16:31.154] USB: usb_device_handle_win.cc:1049 Failed to read descriptor from node connection: 시스템에 부착된 장치가 작동하지 않습니다. (0x1F)
2월 17, 2022 11:53:47.188 [7360:12292:0217/115347.188:ERROR:chrome_browser_main_extra_parts_metrics.cc(227)] START: ReportBluetoothAvailability(). If you don't see the END: message, this is crbug.com/1216328.
2월 17, 2022 11:53:47.189 [7360:12292:0217/115347.188:ERROR:chrome_browser_main_extra_parts_metrics.cc(230)] END: ReportBluetoothAvailability()
2월 17, 2022 11:53:47.189 [7360:12292:0217/115347.188:ERROR:chrome_browser_main_extra_parts_metrics.cc(235)] START: GetDefaultBrowser(). If you don't see the END: message, this is crbug.com/1216328.
2월 17, 2022 11:53:47.190 [7360:12292:0217/115347.189:ERROR:chrome_browser_main_extra_parts_metrics.cc(239)] END: GetDefaultBrowser()
2월 17, 2022 11:53:47.191 [7360:15140:0217/115347.191:ERROR:device_event_log_impl.cc(214)] [11:53:47.191] USB: usb_service_win.cc:391 Could not read device interface GUIDs: 지정된 파일을 찾을 수 없습니다. (0x2)
2월 17, 2022 11:53:47.196 [7360:15140:0217/115347.196:ERROR:device_event_log_impl.cc(214)] [11:53:47.196] USB: usb_device_handle_win.cc:1049 Failed to read descriptor from node connection: 시스템에 부착된 장치가 작동하지 않습니다. (0x1F)
2월 17, 2022 11:53:47.203 [7360:15140:0217/115347.203:ERROR:device_event_log_impl.cc(214)] [11:53:47.203] USB: usb_device_handle_win.cc:1049 Failed to read descriptor from node connection: 시스템에 부착된 장치가 작동하지 않습니다. (0x1F)
2월 17, 2022 11:53:47.205 [7360:15140:0217/115347.204:ERROR:device_event_log_impl.cc(214)] [11:53:47.205] USB: usb_device_handle_win.cc:1049 Failed to read descriptor from node connection: 시스템에 부착된 장치가 작동하지 않습니다. (0x1F)
2월 17, 2022 11:53:47.205 [7360:15140:0217/115347.205:ERROR:device_event_log_impl.cc(214)] [11:53:47.205] USB: usb_device_handle_win.cc:1049 Failed to read descriptor from node connection: 시스템에 부착된 장치가 작동하지 않습니다. (0x1F)
2월 17, 2022 11:57:49.427 [19268:7460:0217/115749.426:ERROR:chrome_browser_main_extra_parts_metrics.cc(227)] START: ReportBluetoothAvailability(). If you don't see the END: message, this is crbug.com/1216328.
2월 17, 2022 11:57:49.428 [19268:7460:0217/115749.426:ERROR:chrome_browser_main_extra_parts_metrics.cc(230)] END: ReportBluetoothAvailability()
2월 17, 2022 11:57:49.428 [19268:7460:0217/115749.426:ERROR:chrome_browser_main_extra_parts_metrics.cc(235)] START: GetDefaultBrowser(). If you don't see the END: message, this is crbug.com/1216328.
2월 17, 2022 11:57:49.428 [19268:7460:0217/115749.427:ERROR:chrome_browser_main_extra_parts_metrics.cc(239)] END: GetDefaultBrowser()
2월 17, 2022 11:57:49.432 [19268:5476:0217/115749.432:ERROR:device_event_log_impl.cc(214)] [11:57:49.432] USB: usb_service_win.cc:391 Could not read device interface GUIDs: 지정된 파일을 찾을 수 없습니다. (0x2)
2월 17, 2022 11:57:49.437 [19268:5476:0217/115749.437:ERROR:device_event_log_impl.cc(214)] [11:57:49.438] USB: usb_device_handle_win.cc:1049 Failed to read descriptor from node connection: 시스템에 부착된 장치가 작동하지 않습니다. (0x1F)
2월 17, 2022 11:57:49.443 [19268:5476:0217/115749.443:ERROR:device_event_log_impl.cc(214)] [11:57:49.443] USB: usb_device_handle_win.cc:1049 Failed to read descriptor from node connection: 시스템에 부착된 장치가 작동하지 않습니다. (0x1F)
2월 17, 2022 11:57:49.444 [19268:5476:0217/115749.444:ERROR:device_event_log_impl.cc(214)] [11:57:49.444] USB: usb_device_handle_win.cc:1049 Failed to read descriptor from node connection: 시스템에 부착된 장치가 작동하지 않습니다. (0x1F)
2월 17, 2022 11:57:49.445 [19268:5476:0217/115749.444:ERROR:device_event_log_impl.cc(214)] [11:57:49.444] USB: usb_device_handle_win.cc:1049 Failed to read descriptor from node connection: 시스템에 부착된 장치가 작동하지 않습니다. (0x1F)
2월 17, 2022 17:15:26.474 [19268:5476:0217/171526.474:ERROR:CONSOLE(1)] "Uncaught (in promise) TypeError: Cannot read properties of undefined (reading 'uiSourceCode')", source: devtools://devtools/bundled/devtools-frontend/front_end/panels/sources/sources.js (1)
2월 17, 2022 17:26:26.504 [19268:5476:0217/172626.504:ERROR:CONSOLE(1)] "Uncaught (in promise) TypeError: Cannot read properties of undefined (reading 'uiSourceCode')", source: devtools://devtools/bundled/devtools-frontend/front_end/panels/sources/sources.js (1)
